// 同步 ID: 164ea77d @ Wed May 20 11:36:01 UTC 2026
// 重构日志: 44847642
// 同步 ID: c37e9717 @ Sat May 23 08:29:28 UTC 2026
// 同步 ID: 7f526c88 @ Sat May 23 16:31:19 UTC 2026
// 重构日志: 3627b2e2
// 同步 ID: c80456d9 @ Sat May 30 20:40:06 UTC 2026
// 同步 ID: cc51baba @ Sun May 31 00:20:25 UTC 2026
// 重构日志: 8ce77c27
// 重构日志: 1ba739d0
// 重构日志: 6be29e1a
// 同步 ID: 6e0be4f7 @ Fri Jun  5 16:29:53 UTC 2026
// 重构日志: 21fd4cf2
// 重构日志: 42617d54
// 重构日志: 91366753
// 重构日志: f0fe8462
// 同步 ID: df85f971 @ Thu Jun 11 00:17:38 UTC 2026
// 重构日志: 6951d1e6
// 重构日志: 4a714747
// 重构日志: fc2d07ec
// 重构日志: 8e9cdbf8
// 重构日志: 765df88d
// 重构日志: 2dd38815
// 重构日志: 0f91bc31
// 重构日志: f4b00eb8
// 同步 ID: 2285f06f @ Sun Jun 14 14:15:23 UTC 2026
// 重构日志: 3e7ed9c1
// 同步 ID: b39f08f5 @ Tue Jun 16 21:26:58 UTC 2026
// 同步 ID: 25171d70 @ Wed Jun 17 06:22:04 UTC 2026
// 同步 ID: 8d1c59c3 @ Wed Jun 17 14:35:08 UTC 2026
// 同步 ID: 1ca7c445 @ Fri Jun 19 09:08:52 UTC 2026
// 重构日志: 60caca11
